[2026-05-23 20:58:24] content-draft 시작
완료.

- 글로서리 `bik`(빅) 초안 `docs/ops/content/drafts/bik.md`에 저장 → korean-copy-qa fix 3건(공배 표현·공점 용어·끝문장 단축) 반영.
- 게시 승인 `AP-20260523-03`을 `state/pending-approvals.md`에 등록, `state/log/2026-05-23.md`에 한 줄 기록. Telegram은 기존 인프라 미해결(launchd `--channels` 미부여 + 토큰 부재)로 미발송.
[2026-05-23 21:00:47] content-draft 종료
[2026-05-25 21:28:35] content-draft 시작
작업 요약.

`chuk`(축) 글로서리 초안을 `docs/ops/content/drafts/chuk.md`에 작성하고 korean-copy-qa 점검(축머리 정의 정정·반(바둑판) 병기·"사석" 풀어쓰기 3건 반영)을 통과시켰습니다. `AP-20260525-01`을 pending-approvals 큐에 추가하고 Telegram에 승인 제안(message_id 1966) 발송, `state/log/2026-05-25.md`에 한 섹션 기록 완료. 라이브 게시는 사람 승인 대기 중입니다.
[2026-05-25 21:32:42] content-draft 종료
[2026-05-27 21:45:51] content-draft 시작
사이클 종료. 요약.

- **선택** — 미작성 글로서리 중 알파벳 순 첫 항목 `gyega`(계가·집).
- **초안** — `docs/ops/content/drafts/gyega.md` 작성 후 korean-copy-qa로 사실 오류(한·일 룰 차이)·표현 수정 반영.
- **AP** — `AP-20260527-01` 큐 등록 + Telegram 발송(id 2049), 로그 기록 완료.
[2026-05-27 21:48:53] content-draft 종료
[2026-05-30 02:00:05] content-draft 시작
콘텐츠 초안 사이클 완료.

- 글로서리 미작성 슬러그 중 알파벳 첫 항목 **`handicap`**(접바둑·치수) 초안을 생성하고 korean-copy-qa 검토를 반영했다. 치석 배치 순서(귀→변→천원)를 명시하고, 덤은 사이트가 따르는 한국 룰 0.5집임을 출처와 함께 명확화했다 — QA가 제기한 "덤 0집" 지적은 프로젝트 canonical 기준(seed·룰 엔진 0.5집)과 충돌해 0.5를 유지하되 출처 명시로 해소했다.
- 게시는 🟡 승인 사항이라 **AP-20260530-01**을 `pending-approvals.md`에 등록하고 Telegram으로 제안을 보냈다(`ok=true`, message_id=2056). 사람 승인 시 `drafts/handicap.md` → `web/content/glossary/handicap.md` 이동 후 커밋한다.
[2026-05-30 02:03:30] content-draft 종료
[2026-05-31 01:36:08] content-draft 시작
모든 단계 완료. 이번 주기 작업을 요약한다.

**이번 콘텐츠 초안 주기 (2026-05-31)**
- 미작성 글로서리 슬러그 중 알파벳 첫 순서인 `bik`(빅)을 선택해 초안 생성 → `korean-copy-qa` 통과(돌 무리·용어·문체 4건 자동 반영).
- 자율 게시 완료. `web/content/glossary/bik.md` 커밋(b48563e) → `main` push 성공. `/glossary/bik` 동적 렌더로 즉시 라이브.
- `state/log/2026-05-31.md` 기록, Telegram 사후 보고 전송(id 2080). 1회성 세션 종료.
[2026-05-31 01:39:38] content-draft 종료
[2026-05-31 01:46:27] content-draft 시작
Telegram 사후 보고까지 완료했다.

## 이번 주기 요약

- **선택**: 시드(`seed-glossary.yml`) 10개 중 이미 게시된 5개(bik·chuk·dan-gup·gyega·handicap)를 제외한 미게시 후보 5개(hwajeom·kasaeng·komi·pae·samsam)를 알파벳 정렬해 첫 항목 **hwajeom(화점)** 선택.
- **초안·QA**: 한국어 초안 작성 → `korean-copy-qa` 점검 결과 사실 오류 없음, "각 변의 중앙" 정밀도·중복 표현 2건만 반영.
- **게시**: 덮어쓰기 가드 통과(기존 파일 없음) → `web/content/glossary/hwajeom.md`만 스테이징·커밋(22525a8)·main push 성공. `/glossary/hwajeom`은 동적 렌더라 즉시 노출. 로그 1줄 기록(`state/log/2026-05-31.md`), Telegram 사후 보고 완료.
[2026-05-31 01:48:55] content-draft 종료
[2026-05-31 01:55:50] content-draft 시작
게시 완료. 요약.

**한 일 (2026-05-31 content-draft 사이클)**
- 비율 균형(most-behind) 선택 적용 — FAQ(1/5=0.2) < 글로서리(6/10=0.6)라 FAQ 선택, 미작성 후보 알파벳 첫 항목 `how-to-improve-rank`(단을 얻으려면) 초안 생성.
- korean-copy-qa 통과 — 사활 패턴·돌 배치·착수마다 등 3건 소폭 수정 반영, QA 보류 없음.
- 자율 게시 — `web/content/faq/how-to-improve-rank.md`만 스테이징해 커밋·main push(`14d4890`). 동적 렌더라 `/faq/how-to-improve-rank` 즉시 라이브. 오늘 로그 기록 + Telegram 사후 보고 완료.

FAQ 굶김이 비율 균형 도입으로 해소되기 시작했다. 1회성 세션이므로 종료한다.
[2026-05-31 01:58:22] content-draft 종료
[2026-05-31 02:17:53] content-draft 시작
완료했습니다.

**이번 사이클 요약**
- 비율 균형 선택: glossary 10/18(0.56) = faq 5/9(0.56) 동률 → glossary, 미작성 후보 알파벳 첫 항목 `dansu`(단수) 선택.
- 초안 작성 → korean-copy-qa 점검(주어 일관성·단수 대응법 반격 보강 등 4건 반영) → 덮어쓰기 가드 통과 후 `web/content/glossary/dansu.md` 게시·`main` push(fd910f4). /glossary/dansu 라이브.
- 로그 기록·Telegram 사후 보고 완료. 현재 glossary 11/18·faq 5/9.
[2026-05-31 02:20:09] content-draft 종료
[2026-05-31 02:20:09] content-draft 시작
이번 사이클 요약.

- **선택** — 비율 균형(most-behind)으로 FAQ가 더 뒤처져(faq 5/9=0.56 < glossary 11/18=0.61) FAQ 선택, 미작성 후보 알파벳 첫 항목 `ai-strength-levels`(AI 기력 난이도) 생성.
- **QA·게시** — korean-copy-qa 5건 반영(랭크→급수 통일, maxVisits 일반 독자 풀이, "높은 단수일수록" 오표기 등). 덮어쓰기 가드 통과 후 `web/content/faq/ai-strength-levels.md` 게시·`main` push(bdacd34), Telegram 사후 보고. 현재 glossary 11/18·faq 6/9 라이브.
[2026-05-31 02:22:30] content-draft 종료
[2026-06-03 02:00:05] content-draft 시작
콘텐츠 초안 사이클 1회 완료.

- **글로서리 `gongbae`(공배)** 선택 — most-behind 비율(글로서리 0.611 < FAQ 0.667)로 글로서리, 미작성 후보 알파벳 첫 항목.
- 초안 작성 후 korean-copy-qa가 한자 오자(`空排`→`空配`)·정의·수상전 사실 오류를 수정 반영. "QA 보류" 없어 그대로 게시.
- 덮어쓰기 가드 통과 후 `web/content/glossary/gongbae.md`만 커밋(`4fa3762`)·`main` push 완료, `/glossary/gongbae` 라이브 노출. 로그 기록 완료(보고는 데스크톱 알림만 — Remote Control 비활성으로 모바일 미전달).
[2026-06-03 02:03:48] content-draft 종료
[2026-06-06 02:00:05] content-draft 시작
콘텐츠 초안 사이클 완료.

- **선택** — glossary·faq 게시 비율 동률(0.667)이라 규칙대로 glossary, 미작성 후보 알파벳 첫 항목 `jeongseok`(정석)을 골랐다.
- **게시** — 초안 작성 → korean-copy-qa 점검(수정 3건 반영, 보류 없음) → 덮어쓰기 가드 통과 → `web/content/glossary/jeongseok.md`만 커밋(`3335b89`)·`main` push 성공. 동적 렌더라 `/glossary/jeongseok`에 즉시 노출되며, Telegram 사후 보고도 발송했다.
[2026-06-06 02:03:09] content-draft 종료
[2026-06-10 02:00:02] content-draft 시작
You've hit your session limit · resets 3:20am (Asia/Seoul)
[2026-06-10 02:00:07] 비정상 종료
[2026-06-10 02:00:07] content-draft 종료
[2026-06-13 02:00:02] content-draft 시작
콘텐츠 초안 생성 사이클을 완료했다.

**한 일 요약**
- 종류 선택은 most-behind 비율로 FAQ(6/9=0.667) < 글로서리(13/18=0.722) → 더 뒤처진 **FAQ**의 미작성 후보 알파벳 첫 항목 `board-sizes`를 선택했다.
- 9·13·19로 선택 가이드 초안을 작성하고 korean-copy-qa로 점검해 "반/판" 용어 통일과 문장 다듬기를 반영했다(QA 보류 없음).
- 덮어쓰기 가드 통과 후 `web/content/faq/board-sizes.md`만 커밋(`c6d8574`)해 main에 push, 동적 렌더라 즉시 `/faq/board-sizes`로 노출. Telegram 사후 보고도 발송 완료(message_id 2187).
[2026-06-13 02:03:20] content-draft 종료
[2026-06-17 02:00:02] content-draft 시작
콘텐츠 초안 생성 사이클 완료.

- **선택**: glossary(13/18=0.722) vs faq(7/9=0.778) 중 더 뒤처진 glossary, 미작성 후보 알파벳순 첫 항목 `kkutnaegi`(끝내기).
- **게시**: 초안 작성 → korean-copy-qa QA로 후수 정의·끝내기 가치 계산 두 문장 정확성 보완 → 덮어쓰기 가드 통과 → `web/content/glossary/kkutnaegi.md` 단독 커밋(53a1cd0) + `git push origin main` 성공. /glossary/kkutnaegi 즉시 노출.
- **보고**: Telegram Bot API 직접 발송 성공(message_id 2255), 로그 기록 완료.
[2026-06-17 02:02:48] content-draft 종료
[2026-06-20 02:00:01] content-draft 시작
1회 실행 완료.

- **선택**: glossary·faq 게시 비율 동률(0.778) → 타이브레이크로 glossary, 미작성 후보 알파벳 첫 항목 `okjip`(옥집) 선택.
- **QA**: korean-copy-qa가 사실 오류 1건(중앙 옥집은 대각선 2곳 이상 필요한데 "하나라도"로 기술) + 문체 3건을 지적 → 본문 수정 반영, 보류 없음.
- **게시**: `web/content/glossary/okjip.md` 커밋(79efa46)·main push 완료, Telegram 사후 보고 발송, 오늘 로그 기록.
[2026-06-20 02:02:55] content-draft 종료
[2026-06-24 02:00:02] content-draft 시작
완료했습니다.

**한 일 요약**
- 비율 균형으로 종류 선택 — glossary 15/18(0.83) vs faq 7/9(0.78), 더 뒤처진 **FAQ**의 알파벳 첫 미작성 후보 `resign-and-pass` 선정.
- 초안 작성 → korean-copy-qa 점검. 흐름 지적(반복 문장)은 반영, "한국 룰=순수 영토 계가" 주장은 기존 게시 `gyega.md`·시드 힌트(territory+잡은 돌)와 모순되어 사실 검증 후 기각.
- 🟢 자율 게시 완료 — 커밋 `cfaec4f`, `git push origin main` 성공, Telegram 사후 보고 발송, 일일 로그 기록. 라이브: `/faq/resign-and-pass`.
[2026-06-24 02:03:12] content-draft 종료
[2026-06-27 02:00:02] content-draft 시작
콘텐츠 초안 생성 사이클 1회 완료.

**한 일 요약**
- **종류·슬러그 선택** — most-behind 비율로 glossary(15/18=0.833) < faq(8/9=0.889) → glossary 선택, 미작성 후보 알파벳순 첫 항목 `poseok`(포석).
- **초안 → QA → 반영** — 한국어 글로서리 초안 작성, korean-copy-qa 점검 결과 사실 오류·콜론 종결 없음(문체 개선 제안만) → 종합 수정안 반영.
- **라이브 게시(🟢 자율)** — 덮어쓰기 가드 통과 후 `web/content/glossary/poseok.md`만 커밋(c750e68)·main push 성공, 오늘 로그 기록, Telegram 사후 보고 발송 완료. `/glossary/poseok`에 즉시 노출.
[2026-06-27 02:02:43] content-draft 종료
